1639588298272	geckodriver	INFO	Listening on 127.0.0.1:30110
1639588298766	mozrunner::runner	INFO	Running command: "C:\\Program Files\\Mozilla Firefox\\firefox.exe" "--marionette" "-no-remote" "-profile" "C:\\Users\\DTTAM~1\\AppData\\Local\\Temp\\rust_mozprofile0MxsDx"
1639588299241	Marionette	INFO	Marionette enabled
console.warn: SearchSettings: "get: No settings file exists, new profile?" (new NotFoundError("Could not open the file at C:\\Users\\DT TAM\\AppData\\Local\\Temp\\rust_mozprofile0MxsDx\\search.json.mozlz4", (void 0)))
1639588302629	Marionette	INFO	Listening on port 53445
1639588302953	RemoteAgent	WARN	TLS certificate errors will be ignored for this session
JavaScript error: , line 0: uncaught exception: undefined
JavaScript warning: https://pagead2.googlesyndication.com/bg/EnZy1JEvhtfL3qsMHM2VNqoz8zWnsWCdOjk5wdd4Ig4.js line 1 > eval line 1653 > eval, line 1: WEBGL_debug_renderer_info is deprecated in Firefox and will be removed. Please use RENDERER.
JavaScript error: , line 0: uncaught exception: undefined
JavaScript warning: http://live.techpanda.org/js/varien/product.js, line 485: unreachable code after return statement
JavaScript warning: http://live.techpanda.org/js/varien/configurable.js, line 291: unreachable code after return statement
JavaScript warning: http://live.techpanda.org/js/calendar/calendar.js, line 138: unreachable code after return statement
JavaScript warning: http://live.techpanda.org/js/varien/product.js, line 485: unreachable code after return statement
JavaScript warning: http://live.techpanda.org/js/varien/configurable.js, line 291: unreachable code after return statement
JavaScript error: http://live.techpanda.org/skin/frontend/rwd/default/js/app.js, line 1194: TypeError: image.elevateZoom is not a function
JavaScript warning: https://pagead2.googlesyndication.com/bg/EnZy1JEvhtfL3qsMHM2VNqoz8zWnsWCdOjk5wdd4Ig4.js line 1 > eval line 1146 > eval, line 1: WEBGL_debug_renderer_info is deprecated in Firefox and will be removed. Please use RENDERER.
JavaScript warning: http://live.techpanda.org/js/varien/product.js, line 485: unreachable code after return statement
JavaScript warning: http://live.techpanda.org/js/varien/configurable.js, line 291: unreachable code after return statement
JavaScript error: http://live.techpanda.org/skin/frontend/rwd/default/js/app.js, line 1194: TypeError: image.elevateZoom is not a function
1639588327030	Marionette	INFO	Stopped listening on port 53445
