[INFO ] [2021-12-12 14:22:37,862] --------START delete file in folder---------
[INFO ] [2021-12-12 14:22:37,864] --------END delete file in folder---------
[INFO ] [2021-12-12 14:22:37,905] Pre-Condition - Step 01: Open browser 'chrome' and navigate 'http://live.techpanda.org/'
[INFO ] [2021-12-12 14:22:47,157] Pre-Condition - Step 02: Verify HomePage is displayed
[INFO ] [2021-12-12 14:22:47,361] Pre-Condition - Step 03: Click 'Account' menu on header
[INFO ] [2021-12-12 14:22:47,558] Pre-Condition - Step 04: Open 'Register' page
[INFO ] [2021-12-12 14:22:49,005] Register_02 - Step 01: Enter valid info to 'First Name' textbox
[INFO ] [2021-12-12 14:22:49,425] Register_02 - Step 02: Enter valid info to 'First Name' textbox
[INFO ] [2021-12-12 14:22:49,655] Register_02 - Step 03: Enter valid info to 'First Name' textbox
[INFO ] [2021-12-12 14:22:49,869] Register_02 - Step 04: Enter valid info to 'First Name' textbox
[INFO ] [2021-12-12 14:22:50,046] Register_02 - Step 05: Enter valid info to 'First Name' textbox
[INFO ] [2021-12-12 14:22:50,248] Register_02 - Step 06: Click to 'Register' button
[INFO ] [2021-12-12 14:26:45,470] --------START delete file in folder---------
[INFO ] [2021-12-12 14:26:45,472] --------END delete file in folder---------
[INFO ] [2021-12-12 14:26:45,509] Pre-Condition - Step 01: Open browser 'chrome' and navigate 'http://live.techpanda.org/'
[INFO ] [2021-12-12 14:26:55,695] Pre-Condition - Step 02: Verify HomePage is displayed
[INFO ] [2021-12-12 14:26:55,951] Pre-Condition - Step 03: Click 'Account' menu on header
[INFO ] [2021-12-12 14:26:56,302] Pre-Condition - Step 04: Open 'Register' page
[INFO ] [2021-12-12 14:26:58,720] Register_02 - Step 01: Enter valid info to 'First Name' textbox
[INFO ] [2021-12-12 14:26:59,084] Register_02 - Step 02: Enter valid info to 'First Name' textbox
[INFO ] [2021-12-12 14:26:59,270] Register_02 - Step 03: Enter valid info to 'First Name' textbox
[INFO ] [2021-12-12 14:26:59,517] Register_02 - Step 04: Enter valid info to 'First Name' textbox
[INFO ] [2021-12-12 14:26:59,674] Register_02 - Step 05: Enter valid info to 'First Name' textbox
[INFO ] [2021-12-12 14:26:59,850] Register_02 - Step 06: Click to 'Register' button
[INFO ] [2021-12-12 14:31:31,050] --------START delete file in folder---------
[INFO ] [2021-12-12 14:31:31,053] --------END delete file in folder---------
[INFO ] [2021-12-12 14:31:31,095] Pre-Condition - Step 01: Open browser 'chrome' and navigate 'http://live.techpanda.org/'
[INFO ] [2021-12-12 14:31:41,519] Pre-Condition - Step 02: Verify HomePage is displayed
[INFO ] [2021-12-12 14:31:41,716] Pre-Condition - Step 03: Click 'Account' menu on header
[INFO ] [2021-12-12 14:31:41,902] Pre-Condition - Step 04: Open 'Register' page
[INFO ] [2021-12-12 14:31:43,535] Register_02 - Step 01: Enter valid info to 'First Name' textbox
[INFO ] [2021-12-12 14:31:44,166] Register_02 - Step 02: Enter valid info to 'First Name' textbox
[INFO ] [2021-12-12 14:31:44,435] Register_02 - Step 03: Enter valid info to 'First Name' textbox
[INFO ] [2021-12-12 14:31:44,710] Register_02 - Step 04: Enter valid info to 'First Name' textbox
[INFO ] [2021-12-12 14:31:44,877] Register_02 - Step 05: Enter valid info to 'First Name' textbox
[INFO ] [2021-12-12 14:31:45,047] Register_02 - Step 06: Click to 'Register' button
[INFO ] [2021-12-12 14:45:57,280] --------START delete file in folder---------
[INFO ] [2021-12-12 14:45:57,282] --------END delete file in folder---------
[INFO ] [2021-12-12 14:45:57,324] Pre-Condition - Step 01: Open browser 'chrome' and navigate 'http://live.techpanda.org/'
[INFO ] [2021-12-12 14:46:09,687] Pre-Condition - Step 02: Verify HomePage is displayed
[INFO ] [2021-12-12 14:46:09,853] Pre-Condition - Step 03: Click 'Account' menu on header
[INFO ] [2021-12-12 14:46:10,101] Pre-Condition - Step 04: Open 'Register' page
[INFO ] [2021-12-12 14:46:11,684] Register_02 - Step 01: Enter valid info to 'First Name' textbox
[INFO ] [2021-12-12 14:46:12,030] Register_02 - Step 02: Enter valid info to 'First Name' textbox
[INFO ] [2021-12-12 14:46:12,299] Register_02 - Step 03: Enter valid info to 'First Name' textbox
[INFO ] [2021-12-12 14:46:12,495] Register_02 - Step 04: Enter valid info to 'First Name' textbox
[INFO ] [2021-12-12 14:46:12,654] Register_02 - Step 05: Enter valid info to 'First Name' textbox
[INFO ] [2021-12-12 14:46:12,907] Register_02 - Step 06: Click to 'Register' button
[INFO ] [2021-12-12 14:49:23,851] --------START delete file in folder---------
[INFO ] [2021-12-12 14:49:23,854] --------END delete file in folder---------
[INFO ] [2021-12-12 14:49:23,885] Pre-Condition - Step 01: Open browser 'chrome' and navigate 'http://live.techpanda.org/'
[INFO ] [2021-12-12 14:49:33,889] Pre-Condition - Step 02: Verify HomePage is displayed
[INFO ] [2021-12-12 14:49:34,098] Pre-Condition - Step 03: Click 'Account' menu on header
[INFO ] [2021-12-12 14:49:34,351] Pre-Condition - Step 04: Open 'Register' page
[INFO ] [2021-12-12 14:49:36,077] Register_02 - Step 01: Enter valid info to 'First Name' textbox
[INFO ] [2021-12-12 14:49:36,494] Register_02 - Step 02: Enter valid info to 'First Name' textbox
[INFO ] [2021-12-12 14:49:36,771] Register_02 - Step 03: Enter valid info to 'First Name' textbox
[INFO ] [2021-12-12 14:49:37,074] Register_02 - Step 04: Enter valid info to 'First Name' textbox
[INFO ] [2021-12-12 14:49:37,303] Register_02 - Step 05: Enter valid info to 'First Name' textbox
[INFO ] [2021-12-12 14:49:37,564] Register_02 - Step 06: Click to 'Register' button
[INFO ] [2021-12-13 06:47:04,644] --------START delete file in folder---------
[INFO ] [2021-12-13 06:47:04,650] --------END delete file in folder---------
[INFO ] [2021-12-13 06:47:04,732] Pre-Condition - Step 01: Open browser 'chrome' and navigate 'http://live.techpanda.org/'
[INFO ] [2021-12-13 06:47:17,104] Pre-Condition - Step 02: Verify HomePage is displayed
[INFO ] [2021-12-13 06:47:17,368] Pre-Condition - Step 03: Click 'Account' menu on header
[INFO ] [2021-12-13 06:47:17,538] Pre-Condition - Step 04: Open 'Register' page
[INFO ] [2021-12-13 06:47:18,992] Register_02 - Step 01: Enter valid info to 'First Name' textbox
[INFO ] [2021-12-13 06:47:19,498] Register_02 - Step 02: Enter valid info to 'First Name' textbox
[INFO ] [2021-12-13 06:47:19,687] Register_02 - Step 03: Enter valid info to 'First Name' textbox
[INFO ] [2021-12-13 06:47:19,968] Register_02 - Step 04: Enter valid info to 'First Name' textbox
[INFO ] [2021-12-13 06:47:20,174] Register_02 - Step 05: Enter valid info to 'First Name' textbox
[INFO ] [2021-12-13 06:47:20,349] Register_02 - Step 06: Click to 'Register' button
[INFO ] [2021-12-13 06:47:22,227] Post-Condition - Close Browser - chrome
[INFO ] [2021-12-13 06:47:22,228] OS name = windows 10
[INFO ] [2021-12-13 06:48:06,906] --------START delete file in folder---------
[INFO ] [2021-12-13 06:48:06,910] --------END delete file in folder---------
[INFO ] [2021-12-13 06:48:06,946] Pre-Condition - Step 01: Open browser 'chrome' and navigate 'http://live.techpanda.org/'
[INFO ] [2021-12-13 06:48:17,239] Pre-Condition - Step 02: Verify HomePage is displayed
[INFO ] [2021-12-13 06:48:17,432] Pre-Condition - Step 03: Click 'Account' menu on header
[INFO ] [2021-12-13 06:48:17,637] Pre-Condition - Step 04: Open 'Register' page
[INFO ] [2021-12-13 06:48:18,757] Register_02 - Step 01: Enter valid info to 'First Name' textbox
[INFO ] [2021-12-13 06:48:19,328] Register_02 - Step 02: Enter valid info to 'First Name' textbox
[INFO ] [2021-12-13 06:48:19,556] Register_02 - Step 03: Enter valid info to 'First Name' textbox
[INFO ] [2021-12-13 06:48:19,819] Register_02 - Step 04: Enter valid info to 'First Name' textbox
[INFO ] [2021-12-13 06:48:19,981] Register_02 - Step 05: Enter valid info to 'First Name' textbox
[INFO ] [2021-12-13 06:48:20,253] Register_02 - Step 06: Click to 'Register' button
[INFO ] [2021-12-13 06:48:22,244] Post-Condition - Close Browser - chrome
[INFO ] [2021-12-13 06:48:22,245] OS name = windows 10
[INFO ] [2021-12-13 07:11:24,738] --------START delete file in folder---------
[INFO ] [2021-12-13 07:11:24,740] --------END delete file in folder---------
[INFO ] [2021-12-13 07:11:24,771] Pre-Condition - Step 01: Open browser 'chrome' and navigate 'http://live.techpanda.org/'
[INFO ] [2021-12-13 07:11:35,213] Pre-Condition - Step 02: Verify HomePage is displayed
[INFO ] [2021-12-13 07:11:35,381] Pre-Condition - Step 03: Click 'Account' menu on header
[INFO ] [2021-12-13 07:11:35,601] Pre-Condition - Step 04: Open 'Register' page
[INFO ] [2021-12-13 07:11:36,938] Register_02 - Step 01: Enter valid info to 'First Name' textbox
[INFO ] [2021-12-13 07:11:37,288] Register_02 - Step 02: Enter valid info to 'First Name' textbox
[INFO ] [2021-12-13 07:11:37,696] Register_02 - Step 03: Enter valid info to 'First Name' textbox
[INFO ] [2021-12-13 07:11:37,991] Register_02 - Step 04: Enter valid info to 'First Name' textbox
[INFO ] [2021-12-13 07:11:38,203] Register_02 - Step 05: Enter valid info to 'First Name' textbox
[INFO ] [2021-12-13 07:11:38,419] Register_02 - Step 06: Click to 'Register' button
[INFO ] [2021-12-13 07:11:40,235] Post-Condition - Close Browser - chrome
[INFO ] [2021-12-13 07:11:40,236] OS name = windows 10
[INFO ] [2021-12-13 07:30:51,180] --------START delete file in folder---------
[INFO ] [2021-12-13 07:30:51,183] --------END delete file in folder---------
[INFO ] [2021-12-13 07:30:51,221] Pre-Condition - Step 01: Open browser 'chrome' and navigate 'http://live.techpanda.org/'
[INFO ] [2021-12-13 07:31:03,468] Pre-Condition - Step 02: Verify HomePage is displayed
[INFO ] [2021-12-13 07:31:04,029] Pre-Condition - Step 03: Click 'Account' menu on header
[INFO ] [2021-12-13 07:31:04,326] Pre-Condition - Step 04: Open 'Register' page
[INFO ] [2021-12-13 07:31:06,309] Register_02 - Step 01: Enter valid info to 'First Name' textbox
[INFO ] [2021-12-13 07:31:06,758] Register_02 - Step 02: Enter valid info to 'First Name' textbox
[INFO ] [2021-12-13 07:31:07,024] Register_02 - Step 03: Enter valid info to 'First Name' textbox
[INFO ] [2021-12-13 07:31:07,408] Register_02 - Step 04: Enter valid info to 'First Name' textbox
[INFO ] [2021-12-13 07:31:07,668] Register_02 - Step 05: Enter valid info to 'First Name' textbox
[INFO ] [2021-12-13 07:31:07,922] Register_02 - Step 06: Click to 'Register' button
[INFO ] [2021-12-13 07:31:10,366] Post-Condition - Close Browser - chrome
[INFO ] [2021-12-13 07:31:10,366] OS name = windows 10
[INFO ] [2021-12-13 08:02:32,042] --------START delete file in folder---------
[INFO ] [2021-12-13 08:02:32,046] --------END delete file in folder---------
[INFO ] [2021-12-13 08:02:32,913] --------START delete file in folder---------
[INFO ] [2021-12-13 08:02:32,915] --------END delete file in folder---------
[INFO ] [2021-12-13 08:02:33,271] --------START delete file in folder---------
[INFO ] [2021-12-13 08:02:33,274] --------END delete file in folder---------
[INFO ] [2021-12-13 08:03:52,444] --------START delete file in folder---------
[INFO ] [2021-12-13 08:03:52,446] --------END delete file in folder---------
[INFO ] [2021-12-13 08:03:52,477] Pre-Condition - Step 01: Open browser 'chrome' and navigate 'http://live.techpanda.org/'
[INFO ] [2021-12-13 08:04:03,584] Pre-Condition - Step 02: Verify HomePage is displayed
[INFO ] [2021-12-13 08:04:03,983] Pre-Condition - Step 03: Click 'Account' menu on header
[INFO ] [2021-12-13 08:04:04,283] Pre-Condition - Step 04: Open 'Register' page
[INFO ] [2021-12-13 08:04:05,561] Register_02 - Step 01: Enter valid info to 'First Name' textbox
[INFO ] [2021-12-13 08:04:06,387] Register_02 - Step 02: Enter valid info to 'First Name' textbox
[INFO ] [2021-12-13 08:04:06,606] Register_02 - Step 03: Enter valid info to 'First Name' textbox
[INFO ] [2021-12-13 08:04:06,820] Register_02 - Step 04: Enter valid info to 'First Name' textbox
[INFO ] [2021-12-13 08:04:07,021] Register_02 - Step 05: Enter valid info to 'First Name' textbox
[INFO ] [2021-12-13 08:04:07,249] Register_02 - Step 06: Click to 'Register' button
[INFO ] [2021-12-13 08:04:09,056] Register_02 - Step 07: Verify text dislayed after register successfully
[INFO ] [2021-12-13 08:04:09,120]  -------------------------- PASSED -------------------------- 
[INFO ] [2021-12-13 08:04:09,458] Post-Condition - Close Browser - chrome
[INFO ] [2021-12-13 08:04:09,458] OS name = windows 10
[INFO ] [2021-12-13 08:05:18,385] --------START delete file in folder---------
[INFO ] [2021-12-13 08:05:18,388] --------END delete file in folder---------
[INFO ] [2021-12-13 08:05:18,427] Pre-Condition - Step 01: Open browser 'chrome' and navigate 'http://live.techpanda.org/'
[INFO ] [2021-12-13 08:05:29,293] Pre-Condition - Step 02: Verify HomePage is displayed
[INFO ] [2021-12-13 08:05:29,560] Pre-Condition - Step 03: Click 'Account' menu on header
[INFO ] [2021-12-13 08:05:29,986] Pre-Condition - Step 04: Open 'Register' page
[INFO ] [2021-12-13 08:05:31,679] Register_02 - Step 01: Enter valid info to 'First Name' textbox
[INFO ] [2021-12-13 08:05:32,147] Register_02 - Step 02: Enter valid info to 'First Name' textbox
[INFO ] [2021-12-13 08:05:32,368] Register_02 - Step 03: Enter valid info to 'First Name' textbox
[INFO ] [2021-12-13 08:05:32,619] Register_02 - Step 04: Enter valid info to 'First Name' textbox
[INFO ] [2021-12-13 08:05:32,892] Register_02 - Step 05: Enter valid info to 'First Name' textbox
[INFO ] [2021-12-13 08:05:33,078] Register_02 - Step 06: Click to 'Register' button
[INFO ] [2021-12-13 08:05:34,912] Register_02 - Step 07: Verify text dislayed after register successfully
[INFO ] [2021-12-13 08:05:35,017]  -------------------------- PASSED -------------------------- 
[INFO ] [2021-12-13 08:05:40,302] Post-Condition - Close Browser - chrome
[INFO ] [2021-12-13 08:05:40,302] OS name = windows 10
[INFO ] [2021-12-13 08:08:04,550] --------START delete file in folder---------
[INFO ] [2021-12-13 08:08:04,554] --------END delete file in folder---------
[INFO ] [2021-12-13 08:08:04,598] Pre-Condition - Step 01: Open browser 'chrome' and navigate 'http://live.techpanda.org/'
[INFO ] [2021-12-13 08:08:14,010] Pre-Condition - Step 02: Verify HomePage is displayed
[INFO ] [2021-12-13 08:08:14,298] Pre-Condition - Step 03: Click 'Account' menu on header
[INFO ] [2021-12-13 08:08:14,648] Pre-Condition - Step 04: Open 'Register' page
[INFO ] [2021-12-13 08:08:16,023] Register_02 - Step 01: Enter valid info to 'First Name' textbox
[INFO ] [2021-12-13 08:08:16,305] Register_02 - Step 02: Enter valid info to 'First Name' textbox
[INFO ] [2021-12-13 08:08:16,525] Register_02 - Step 03: Enter valid info to 'First Name' textbox
[INFO ] [2021-12-13 08:08:16,729] Register_02 - Step 04: Enter valid info to 'First Name' textbox
[INFO ] [2021-12-13 08:08:16,899] Register_02 - Step 05: Enter valid info to 'First Name' textbox
[INFO ] [2021-12-13 08:08:17,078] Register_02 - Step 06: Click to 'Register' button
[INFO ] [2021-12-13 08:08:18,650] Register_02 - Step 07: Verify text dislayed after register successfully
[INFO ] [2021-12-13 08:08:18,723]  -------------------------- PASSED -------------------------- 
[INFO ] [2021-12-13 08:08:24,117] Post-Condition - Close Browser - chrome
[INFO ] [2021-12-13 08:08:24,119] OS name = windows 10
[INFO ] [2021-12-13 08:09:24,457] --------START delete file in folder---------
[INFO ] [2021-12-13 08:09:24,458] --------END delete file in folder---------
[INFO ] [2021-12-13 08:09:24,501] Pre-Condition - Step 01: Open browser 'chrome' and navigate 'http://live.techpanda.org/'
[INFO ] [2021-12-13 08:09:33,767] Pre-Condition - Step 02: Verify HomePage is displayed
[INFO ] [2021-12-13 08:09:34,210] Pre-Condition - Step 03: Click 'Account' menu on header
[INFO ] [2021-12-13 08:09:34,441] Pre-Condition - Step 04: Open 'Register' page
[INFO ] [2021-12-13 08:09:35,973] Register_02 - Step 01: Enter valid info to 'First Name' textbox
[INFO ] [2021-12-13 08:09:36,367] Register_02 - Step 02: Enter valid info to 'First Name' textbox
[INFO ] [2021-12-13 08:09:36,588] Register_02 - Step 03: Enter valid info to 'First Name' textbox
[INFO ] [2021-12-13 08:09:36,817] Register_02 - Step 04: Enter valid info to 'First Name' textbox
[INFO ] [2021-12-13 08:09:37,012] Register_02 - Step 05: Enter valid info to 'First Name' textbox
[INFO ] [2021-12-13 08:09:37,197] Register_02 - Step 06: Click to 'Register' button
[INFO ] [2021-12-13 08:09:38,649] Register_02 - Step 07: Verify text dislayed after register successfully
[INFO ] [2021-12-13 08:09:38,719]  -------------------------- PASSED -------------------------- 
[INFO ] [2021-12-13 08:14:48,341] --------START delete file in folder---------
[INFO ] [2021-12-13 08:14:48,350] --------END delete file in folder---------
[INFO ] [2021-12-13 08:14:48,389] Pre-Condition - Step 01: Open browser 'firefox' and navigate 'http://live.techpanda.org/'
[INFO ] [2021-12-13 08:15:35,815] --------START delete file in folder---------
[INFO ] [2021-12-13 08:15:35,817] --------END delete file in folder---------
[INFO ] [2021-12-13 08:15:35,860] Pre-Condition - Step 01: Open browser 'firefox' and navigate 'http://live.techpanda.org/'
[INFO ] [2021-12-13 08:15:51,220] Pre-Condition - Step 02: Verify HomePage is displayed
[INFO ] [2021-12-13 08:15:51,542] Pre-Condition - Step 03: Click 'Account' menu on header
[INFO ] [2021-12-13 08:15:51,941] Pre-Condition - Step 04: Open 'Register' page
[INFO ] [2021-12-13 08:15:53,907] Register_02 - Step 01: Enter valid info to 'First Name' textbox
[INFO ] [2021-12-13 08:15:54,157] Register_02 - Step 02: Enter valid info to 'First Name' textbox
[INFO ] [2021-12-13 08:15:54,338] Register_02 - Step 03: Enter valid info to 'First Name' textbox
[INFO ] [2021-12-13 08:15:54,465] Register_02 - Step 04: Enter valid info to 'First Name' textbox
[INFO ] [2021-12-13 08:15:54,573] Register_02 - Step 05: Enter valid info to 'First Name' textbox
[INFO ] [2021-12-13 08:15:54,772] Register_02 - Step 06: Click to 'Register' button
[INFO ] [2021-12-13 08:15:56,669] Register_02 - Step 07: Verify text dislayed after register successfully
[INFO ] [2021-12-13 08:15:56,774]  -------------------------- PASSED -------------------------- 
[INFO ] [2021-12-13 08:21:09,380] --------START delete file in folder---------
[INFO ] [2021-12-13 08:21:09,382] --------END delete file in folder---------
[INFO ] [2021-12-13 08:21:09,427] Pre-Condition - Step 01: Open browser 'firefox' and navigate 'http://live.techpanda.org/'
[INFO ] [2021-12-13 08:21:25,034] Pre-Condition - Step 02: Verify HomePage is displayed
[INFO ] [2021-12-13 08:21:25,434] Pre-Condition - Step 03: Click 'Account' menu on header
[INFO ] [2021-12-13 08:21:26,002] Pre-Condition - Step 04: Open 'Register' page
[INFO ] [2021-12-13 08:21:27,905] Register_02 - Step 01: Enter valid info to 'First Name' textbox
[INFO ] [2021-12-13 08:21:28,391] Register_02 - Step 02: Enter valid info to 'First Name' textbox
[INFO ] [2021-12-13 08:21:28,616] Register_02 - Step 03: Enter valid info to 'First Name' textbox
[INFO ] [2021-12-13 08:21:28,873] Register_02 - Step 04: Enter valid info to 'First Name' textbox
[INFO ] [2021-12-13 08:21:29,025] Register_02 - Step 05: Enter valid info to 'First Name' textbox
[INFO ] [2021-12-13 08:21:39,618] Register_02 - Step 06: Click to 'Register' button
[INFO ] [2021-12-13 08:22:31,338] Register_02 - Step 07: Verify text dislayed after register successfully
[INFO ] [2021-12-13 08:22:39,715] --------START delete file in folder---------
[INFO ] [2021-12-13 08:22:39,717] --------END delete file in folder---------
[INFO ] [2021-12-13 08:22:39,781] Pre-Condition - Step 01: Open browser 'firefox' and navigate 'http://live.techpanda.org/'
[INFO ] [2021-12-13 08:22:54,519] Pre-Condition - Step 02: Verify HomePage is displayed
[INFO ] [2021-12-13 08:22:54,837] Pre-Condition - Step 03: Click 'Account' menu on header
[INFO ] [2021-12-13 08:22:55,196] Pre-Condition - Step 04: Open 'Register' page
[INFO ] [2021-12-13 08:22:56,604] Register_02 - Step 01: Enter valid info to 'First Name' textbox
[INFO ] [2021-12-13 08:22:56,805] Register_02 - Step 02: Enter valid info to 'First Name' textbox
[INFO ] [2021-12-13 08:22:56,970] Register_02 - Step 03: Enter valid info to 'First Name' textbox
[INFO ] [2021-12-13 08:22:57,115] Register_02 - Step 04: Enter valid info to 'First Name' textbox
[INFO ] [2021-12-13 08:22:57,197] Register_02 - Step 05: Enter valid info to 'First Name' textbox
[INFO ] [2021-12-13 08:23:07,339] Register_02 - Step 06: Click to 'Register' button
[INFO ] [2021-12-13 08:23:19,021] Register_02 - Step 07: Verify text dislayed after register successfully
[INFO ] [2021-12-13 08:23:19,097]  -------------------------- PASSED -------------------------- 
[INFO ] [2021-12-13 08:50:03,535] --------START delete file in folder---------
[INFO ] [2021-12-13 08:50:03,538] --------END delete file in folder---------
[INFO ] [2021-12-13 08:50:03,583] Pre-Condition - Step 01: Open browser 'firefox' and navigate 'http://live.techpanda.org/'
[INFO ] [2021-12-13 08:56:52,436] --------START delete file in folder---------
[INFO ] [2021-12-13 08:56:52,439] --------END delete file in folder---------
[INFO ] [2021-12-13 08:56:52,482] Pre-Condition - Step 01: Open browser 'firefox' and navigate 'http://live.techpanda.org/'
[INFO ] [2021-12-13 08:57:04,630] Pre-Condition - Step 02: Verify HomePage is displayed
[INFO ] [2021-12-13 08:57:04,833] Pre-Condition - Step 03: Click 'Account' menu on header
[INFO ] [2021-12-13 08:57:05,213] Pre-Condition - Step 04: Open 'Register' page
[INFO ] [2021-12-13 08:57:06,912] Register_02 - Step 01: Enter valid info to 'First Name' textbox
[INFO ] [2021-12-13 08:57:07,144] Register_02 - Step 02: Enter valid info to 'First Name' textbox
[INFO ] [2021-12-13 08:57:07,302] Register_02 - Step 03: Enter valid info to 'First Name' textbox
[INFO ] [2021-12-13 08:57:07,440] Register_02 - Step 04: Enter valid info to 'First Name' textbox
[INFO ] [2021-12-13 08:57:07,533] Register_02 - Step 05: Enter valid info to 'First Name' textbox
[INFO ] [2021-12-13 08:57:17,709] Register_02 - Step 06: Click to 'Register' button
[INFO ] [2021-12-13 08:57:32,650] Register_02 - Step 07: Verify text dislayed after register successfully
[INFO ] [2021-12-13 08:57:32,736]  -------------------------- PASSED -------------------------- 
[INFO ] [2021-12-13 09:30:52,606] --------START delete file in folder---------
[INFO ] [2021-12-13 09:30:52,608] --------END delete file in folder---------
[INFO ] [2021-12-13 09:30:52,648] Pre-Condition - Step 01: Open browser 'firefox' and navigate 'http://live.techpanda.org/'
[INFO ] [2021-12-13 09:31:11,639] Pre-Condition - Step 02: Verify HomePage is displayed
[INFO ] [2021-12-13 09:31:11,993] Pre-Condition - Step 03: Click 'Account' menu on header
[INFO ] [2021-12-13 09:31:12,495] Pre-Condition - Step 04: Open 'Register' page
[INFO ] [2021-12-13 09:31:14,058] Register_01 - Step 01: Enter valid info to 'First Name' textbox
[INFO ] [2021-12-13 09:31:14,272] Register_01- Step 02: Enter valid info to 'First Name' textbox
[INFO ] [2021-12-13 09:31:14,447] Register_01 - Step 03: Enter valid info to 'First Name' textbox
[INFO ] [2021-12-13 09:31:14,561] Register_01 - Step 04: Enter valid info to 'First Name' textbox
[INFO ] [2021-12-13 09:31:14,677] Register_01 - Step 05: Enter valid info to 'First Name' textbox
[INFO ] [2021-12-13 09:31:14,859] Register_01 - Step 06: Click to 'Register' button
[INFO ] [2021-12-13 09:31:18,500] Register_01 - Step 07: Verify text dislayed after register successfully
[INFO ] [2021-12-13 09:31:18,591]  -------------------------- PASSED -------------------------- 
[INFO ] [2021-12-13 09:31:18,991] Register_02 - Step 01: Open'Account Information' menu at sidebar
[INFO ] [2021-12-13 09:31:20,001] My_Account_01 - Step 11: Verify firstname infomation is updated successfully
[INFO ] [2021-12-13 09:31:20,117]  -------------------------- PASSED -------------------------- 
[INFO ] [2021-12-13 09:31:20,117] My_Account_01 - Step 12: Verify lastname infomation is updated successfully
[INFO ] [2021-12-13 09:31:20,223]  -------------------------- PASSED -------------------------- 
[INFO ] [2021-12-13 09:31:20,224] My_Account_01 - Step 12: Verify lastname infomation is updated successfully
[INFO ] [2021-12-13 09:32:20,314] Post-Condition - Close Browser - firefox
[INFO ] [2021-12-13 09:32:20,316] OS name = windows 10
[INFO ] [2021-12-13 09:33:22,817] --------START delete file in folder---------
[INFO ] [2021-12-13 09:33:22,820] --------END delete file in folder---------
[INFO ] [2021-12-13 09:33:22,860] Pre-Condition - Step 01: Open browser 'firefox' and navigate 'http://live.techpanda.org/'
[INFO ] [2021-12-13 09:33:39,766] Pre-Condition - Step 02: Verify HomePage is displayed
[INFO ] [2021-12-13 09:33:40,291] Pre-Condition - Step 03: Click 'Account' menu on header
[INFO ] [2021-12-13 09:33:40,680] Pre-Condition - Step 04: Open 'Register' page
[INFO ] [2021-12-13 09:33:42,174] Register_01 - Step 01: Enter valid info to 'First Name' textbox
[INFO ] [2021-12-13 09:33:42,360] Register_01- Step 02: Enter valid info to 'First Name' textbox
[INFO ] [2021-12-13 09:33:42,544] Register_01 - Step 03: Enter valid info to 'First Name' textbox
[INFO ] [2021-12-13 09:33:42,744] Register_01 - Step 04: Enter valid info to 'First Name' textbox
[INFO ] [2021-12-13 09:33:42,879] Register_01 - Step 05: Enter valid info to 'First Name' textbox
[INFO ] [2021-12-13 09:33:43,070] Register_01 - Step 06: Click to 'Register' button
[INFO ] [2021-12-13 09:33:46,075] Register_01 - Step 07: Verify text dislayed after register successfully
[INFO ] [2021-12-13 09:33:46,165]  -------------------------- PASSED -------------------------- 
[INFO ] [2021-12-13 09:33:46,605] Register_02 - Step 01: Open'Account Information' menu at sidebar
[INFO ] [2021-12-13 09:33:47,696] My_Account_01 - Step 11: Verify firstname infomation is updated successfully
[INFO ] [2021-12-13 09:33:47,792]  -------------------------- PASSED -------------------------- 
[INFO ] [2021-12-13 09:33:47,792] My_Account_01 - Step 12: Verify lastname infomation is updated successfully
[INFO ] [2021-12-13 09:33:47,888]  -------------------------- PASSED -------------------------- 
[INFO ] [2021-12-13 09:33:47,888] My_Account_01 - Step 12: Verify lastname infomation is updated successfully
[INFO ] [2021-12-13 09:33:48,003]  -------------------------- PASSED -------------------------- 
[INFO ] [2021-12-13 09:33:48,050] Post-Condition - Close Browser - firefox
[INFO ] [2021-12-13 09:33:48,051] OS name = windows 10
